<?xml version="1.0" encoding="utf-8"?><testsuites><testsuite name="pytest" errors="0" failures="0" skipped="1" tests="273" time="94.277" timestamp="2025-08-28T22:24:22.453479+00:00" hostname="devbox"><testcase classname="tests.mcp_server.features.documents.test_document_tools" name="test_create_document_success" time="0.012" /><testcase classname="tests.mcp_server.features.documents.test_document_tools" name="test_list_documents_success" time="0.007" /><testcase classname="tests.mcp_server.features.documents.test_document_tools" name="test_update_document_partial_update" time="0.006" /><testcase classname="tests.mcp_server.features.documents.test_document_tools" name="test_delete_document_not_found" time="0.006" /><testcase classname="tests.mcp_server.features.documents.test_version_tools" name="test_create_version_success" time="0.006" /><testcase classname="tests.mcp_server.features.documents.test_version_tools" name="test_create_version_invalid_field" time="0.007" /><testcase classname="tests.mcp_server.features.documents.test_version_tools" name="test_restore_version_success" time="0.299" /><testcase classname="tests.mcp_server.features.documents.test_version_tools" name="test_list_versions_with_filter" time="0.007" /><testcase classname="tests.mcp_server.features.projects.test_project_tools" name="test_create_project_success" time="0.009" /><testcase classname="tests.mcp_server.features.projects.test_project_tools" name="test_create_project_direct_response" time="0.007" /><testcase classname="tests.mcp_server.features.projects.test_project_tools" name="test_list_projects_success" time="0.007" /><testcase classname="tests.mcp_server.features.projects.test_project_tools" name="test_get_project_not_found" time="0.007" /><testcase classname="tests.mcp_server.features.tasks.test_task_tools" name="test_create_task_with_sources" time="0.008" /><testcase classname="tests.mcp_server.features.tasks.test_task_tools" name="test_list_tasks_with_project_filter" time="0.009" /><testcase classname="tests.mcp_server.features.tasks.test_task_tools" name="test_list_tasks_with_status_filter" time="0.007" /><testcase classname="tests.mcp_server.features.tasks.test_task_tools" name="test_update_task_status" time="0.006" /><testcase classname="tests.mcp_server.features.tasks.test_task_tools" name="test_update_task_no_fields" time="0.004" /><testcase classname="tests.mcp_server.features.tasks.test_task_tools" name="test_delete_task_already_archived" time="0.006" /><testcase classname="tests.mcp_server.features.test_feature_tools" name="test_get_project_features_success" time="0.006" /><testcase classname="tests.mcp_server.features.test_feature_tools" name="test_get_project_features_empty" time="0.006" /><testcase classname="tests.mcp_server.features.test_feature_tools" name="test_get_project_features_not_found" time="0.006" /><testcase classname="tests.mcp_server.utils.test_error_handling" name="test_format_error_basic" time="0.002" /><testcase classname="tests.mcp_server.utils.test_error_handling" name="test_format_error_with_all_fields" time="0.001" /><testcase classname="tests.mcp_server.utils.test_error_handling" name="test_from_http_error_with_json_body" time="0.003" /><testcase classname="tests.mcp_server.utils.test_error_handling" name="test_from_http_error_with_text_body" time="0.002" /><testcase classname="tests.mcp_server.utils.test_error_handling" name="test_from_exception_timeout" time="0.001" /><testcase classname="tests.mcp_server.utils.test_error_handling" name="test_from_exception_connection" time="0.003" /><testcase classname="tests.mcp_server.utils.test_error_handling" name="test_from_exception_request_error" time="0.001" /><testcase classname="tests.mcp_server.utils.test_error_handling" name="test_from_exception_generic" time="0.001" /><testcase classname="tests.mcp_server.utils.test_error_handling" name="test_from_exception_connect_timeout" time="0.001" /><testcase classname="tests.mcp_server.utils.test_error_handling" name="test_from_exception_read_timeout" time="0.001" /><testcase classname="tests.mcp_server.utils.test_timeout_config" name="test_get_default_timeout_defaults" time="0.002" /><testcase classname="tests.mcp_server.utils.test_timeout_config" name="test_get_default_timeout_from_env" time="0.002" /><testcase classname="tests.mcp_server.utils.test_timeout_config" name="test_get_polling_timeout_defaults" time="0.002" /><testcase classname="tests.mcp_server.utils.test_timeout_config" name="test_get_polling_timeout_from_env" time="0.002" /><testcase classname="tests.mcp_server.utils.test_timeout_config" name="test_get_max_polling_attempts_default" time="0.002" /><testcase classname="tests.mcp_server.utils.test_timeout_config" name="test_get_max_polling_attempts_from_env" time="0.002" /><testcase classname="tests.mcp_server.utils.test_timeout_config" name="test_get_max_polling_attempts_invalid_env" time="0.002" /><testcase classname="tests.mcp_server.utils.test_timeout_config" name="test_get_polling_interval_base" time="0.002" /><testcase classname="tests.mcp_server.utils.test_timeout_config" name="test_get_polling_interval_exponential_backoff" time="0.002" /><testcase classname="tests.mcp_server.utils.test_timeout_config" name="test_get_polling_interval_custom_base" time="0.002" /><testcase classname="tests.mcp_server.utils.test_timeout_config" name="test_get_polling_interval_custom_max" time="0.002" /><testcase classname="tests.mcp_server.utils.test_timeout_config" name="test_get_polling_interval_all_custom" time="0.002" /><testcase classname="tests.mcp_server.utils.test_timeout_config" name="test_timeout_values_are_floats" time="0.002" /><testcase classname="tests.test_api_essentials" name="test_health_endpoint" time="16.934" /><testcase classname="tests.test_api_essentials" name="test_create_project" time="0.104" /><testcase classname="tests.test_api_essentials" name="test_list_projects" time="0.016" /><testcase classname="tests.test_api_essentials" name="test_create_task" time="0.017" /><testcase classname="tests.test_api_essentials" name="test_list_tasks" time="0.024" /><testcase classname="tests.test_api_essentials" name="test_start_crawl" time="0.012" /><testcase classname="tests.test_api_essentials" name="test_search_knowledge" time="0.012" /><testcase classname="tests.test_api_essentials" name="test_websocket_connection" time="0.013" /><testcase classname="tests.test_api_essentials" name="test_authentication" time="0.018" /><testcase classname="tests.test_api_essentials" name="test_error_handling" time="0.018" /><testcase classname="tests.test_async_background_task_manager.TestAsyncBackgroundTaskManager" name="test_task_manager_initialization" time="0.002" /><testcase classname="tests.test_async_background_task_manager.TestAsyncBackgroundTaskManager" name="test_simple_async_task_execution" time="0.054" /><testcase classname="tests.test_async_background_task_manager.TestAsyncBackgroundTaskManager" name="test_task_with_error" time="0.054" /><testcase classname="tests.test_async_background_task_manager.TestAsyncBackgroundTaskManager" name="test_concurrent_task_execution" time="0.054" /><testcase classname="tests.test_async_background_task_manager.TestAsyncBackgroundTaskManager" name="test_concurrency_limit" time="0.115" /><testcase classname="tests.test_async_background_task_manager.TestAsyncBackgroundTaskManager" name="test_task_cancellation" time="0.024" /><testcase classname="tests.test_async_background_task_manager.TestAsyncBackgroundTaskManager" name="test_task_not_found" time="0.003" /><testcase classname="tests.test_async_background_task_manager.TestAsyncBackgroundTaskManager" name="test_cancel_non_existent_task" time="0.002" /><testcase classname="tests.test_async_background_task_manager.TestAsyncBackgroundTaskManager" name="test_progress_callback_execution" time="0.053" /><testcase classname="tests.test_async_background_task_manager.TestAsyncBackgroundTaskManager" name="test_progress_callback_error_handling" time="0.054" /><testcase classname="tests.test_async_background_task_manager.TestAsyncBackgroundTaskManager" name="test_task_metadata_tracking" time="0.054" /><testcase classname="tests.test_async_background_task_manager.TestAsyncBackgroundTaskManager" name="test_cleanup_active_tasks" time="0.014" /><testcase classname="tests.test_async_background_task_manager.TestAsyncBackgroundTaskManager" name="test_completed_task_status_after_removal" time="0.053" /><testcase classname="tests.test_async_background_task_manager.TestAsyncBackgroundTaskManager" name="test_set_main_loop_deprecated" time="0.002" /><testcase classname="tests.test_async_background_task_manager.TestGlobalTaskManager" name="test_get_task_manager_singleton" time="0.001" /><testcase classname="tests.test_async_background_task_manager.TestGlobalTaskManager" name="test_cleanup_task_manager" time="0.013" /><testcase classname="tests.test_async_background_task_manager.TestAsyncTaskPatterns" name="test_nested_async_calls" time="0.054" /><testcase classname="tests.test_async_background_task_manager.TestAsyncTaskPatterns" name="test_task_with_async_context_manager" time="0.054" /><testcase classname="tests.test_async_background_task_manager.TestAsyncTaskPatterns" name="test_task_cancellation_propagation" time="0.024" /><testcase classname="tests.test_async_background_task_manager.TestAsyncTaskPatterns" name="test_high_concurrency_stress_test" time="0.505" /><testcase classname="tests.test_async_background_task_manager.TestAsyncTaskPatterns" name="test_task_execution_order_with_semaphore" time="0.204" /><testcase classname="tests.test_async_credential_service.TestAsyncCredentialService" name="test_deprecated_functions_removed" time="0.002" /><testcase classname="tests.test_async_credential_service.TestAsyncCredentialService" name="test_get_credential_from_cache" time="0.002" /><testcase classname="tests.test_async_credential_service.TestAsyncCredentialService" name="test_get_credential_encrypted_value" time="0.003" /><testcase classname="tests.test_async_credential_service.TestAsyncCredentialService" name="test_get_credential_cache_not_initialized" time="0.004" /><testcase classname="tests.test_async_credential_service.TestAsyncCredentialService" name="test_get_credential_not_found_in_db" time="0.006" /><testcase classname="tests.test_async_credential_service.TestAsyncCredentialService" name="test_set_credential_new" time="0.006" /><testcase classname="tests.test_async_credential_service.TestAsyncCredentialService" name="test_set_credential_encrypted" time="0.005" /><testcase classname="tests.test_async_credential_service.TestAsyncCredentialService" name="test_load_all_credentials" time="0.004" /><testcase classname="tests.test_async_credential_service.TestAsyncCredentialService" name="test_get_credentials_by_category" time="0.005" /><testcase classname="tests.test_async_credential_service.TestAsyncCredentialService" name="test_get_active_provider_llm" time="0.005" /><testcase classname="tests.test_async_credential_service.TestAsyncCredentialService" name="test_get_active_provider_basic" time="0.005" /><testcase classname="tests.test_async_credential_service.TestAsyncCredentialService" name="test_initialize_credentials" time="0.005" /><testcase classname="tests.test_async_credential_service.TestAsyncCredentialService" name="test_error_handling_database_failure" time="0.006" /><testcase classname="tests.test_async_credential_service.TestAsyncCredentialService" name="test_encryption_decryption_error_handling" time="0.002" /><testcase classname="tests.test_async_credential_service.TestAsyncCredentialService" name="test_direct_cache_access_fallback" time="0.002" /><testcase classname="tests.test_async_credential_service.TestAsyncCredentialService" name="test_concurrent_access" time="0.002" /><testcase classname="tests.test_async_credential_service.TestAsyncCredentialService" name="test_cache_persistence" time="0.002" /><testcase classname="tests.test_async_embedding_service.TestAsyncEmbeddingService" name="test_create_embedding_success" time="0.016" /><testcase classname="tests.test_async_embedding_service.TestAsyncEmbeddingService" name="test_create_embedding_empty_text" time="0.016" /><testcase classname="tests.test_async_embedding_service.TestAsyncEmbeddingService" name="test_create_embedding_api_error_raises_exception" time="0.017" /><testcase classname="tests.test_async_embedding_service.TestAsyncEmbeddingService" name="test_create_embeddings_batch_success" time="0.017" /><testcase classname="tests.test_async_embedding_service.TestAsyncEmbeddingService" name="test_create_embeddings_batch_empty_list" time="0.002" /><testcase classname="tests.test_async_embedding_service.TestAsyncEmbeddingService" name="test_create_embeddings_batch_rate_limit_error" time="6.028" /><testcase classname="tests.test_async_embedding_service.TestAsyncEmbeddingService" name="test_create_embeddings_batch_quota_exhausted" time="0.007" /><testcase classname="tests.test_async_embedding_service.TestAsyncEmbeddingService" name="test_create_embeddings_batch_with_websocket_progress" time="0.018" /><testcase classname="tests.test_async_embedding_service.TestAsyncEmbeddingService" name="test_create_embeddings_batch_with_progress_callback" time="0.017" /><testcase classname="tests.test_async_embedding_service.TestAsyncEmbeddingService" name="test_provider_override" time="0.017" /><testcase classname="tests.test_async_embedding_service.TestAsyncEmbeddingService" name="test_create_embeddings_batch_large_batch_splitting" time="0.040" /><testcase classname="tests.test_async_llm_provider_service.TestAsyncLLMProviderService" name="test_get_llm_client_openai_success" time="0.005" /><testcase classname="tests.test_async_llm_provider_service.TestAsyncLLMProviderService" name="test_get_llm_client_ollama_success" time="0.004" /><testcase classname="tests.test_async_llm_provider_service.TestAsyncLLMProviderService" name="test_get_llm_client_google_success" time="0.004" /><testcase classname="tests.test_async_llm_provider_service.TestAsyncLLMProviderService" name="test_get_llm_client_with_provider_override" time="0.004" /><testcase classname="tests.test_async_llm_provider_service.TestAsyncLLMProviderService" name="test_get_llm_client_use_embedding_provider" time="0.004" /><testcase classname="tests.test_async_llm_provider_service.TestAsyncLLMProviderService" name="test_get_llm_client_missing_openai_key" time="0.005" /><testcase classname="tests.test_async_llm_provider_service.TestAsyncLLMProviderService" name="test_get_llm_client_missing_google_key" time="0.006" /><testcase classname="tests.test_async_llm_provider_service.TestAsyncLLMProviderService" name="test_get_llm_client_unsupported_provider_error" time="0.006" /><testcase classname="tests.test_async_llm_provider_service.TestAsyncLLMProviderService" name="test_get_llm_client_with_unsupported_provider_override" time="0.007" /><testcase classname="tests.test_async_llm_provider_service.TestAsyncLLMProviderService" name="test_get_embedding_model_openai_success" time="0.005" /><testcase classname="tests.test_async_llm_provider_service.TestAsyncLLMProviderService" name="test_get_embedding_model_ollama_success" time="0.003" /><testcase classname="tests.test_async_llm_provider_service.TestAsyncLLMProviderService" name="test_get_embedding_model_google_success" time="0.004" /><testcase classname="tests.test_async_llm_provider_service.TestAsyncLLMProviderService" name="test_get_embedding_model_with_provider_override" time="0.003" /><testcase classname="tests.test_async_llm_provider_service.TestAsyncLLMProviderService" name="test_get_embedding_model_custom_model_override" time="0.003" /><testcase classname="tests.test_async_llm_provider_service.TestAsyncLLMProviderService" name="test_get_embedding_model_error_fallback" time="0.004" /><testcase classname="tests.test_async_llm_provider_service.TestAsyncLLMProviderService" name="test_cache_functionality" time="0.001" /><testcase classname="tests.test_async_llm_provider_service.TestAsyncLLMProviderService" name="test_cache_usage_in_get_llm_client" time="0.004" /><testcase classname="tests.test_async_llm_provider_service.TestAsyncLLMProviderService" name="test_deprecated_functions_removed" time="0.001" /><testcase classname="tests.test_async_llm_provider_service.TestAsyncLLMProviderService" name="test_context_manager_cleanup" time="0.004" /><testcase classname="tests.test_async_llm_provider_service.TestAsyncLLMProviderService" name="test_multiple_providers_in_sequence" time="0.005" /><testcase classname="tests.test_business_logic" name="test_task_status_transitions" time="0.013" /><testcase classname="tests.test_business_logic" name="test_progress_calculation" time="0.012" /><testcase classname="tests.test_business_logic" name="test_rate_limiting" time="0.032" /><testcase classname="tests.test_business_logic" name="test_data_validation" time="0.028" /><testcase classname="tests.test_business_logic" name="test_permission_checks" time="0.020" /><testcase classname="tests.test_business_logic" name="test_crawl_depth_limits" time="0.018" /><testcase classname="tests.test_business_logic" name="test_document_chunking" time="0.012" /><testcase classname="tests.test_business_logic" name="test_embedding_generation" time="0.012" /><testcase classname="tests.test_business_logic" name="test_source_management" time="0.017" /><testcase classname="tests.test_business_logic" name="test_version_control" time="0.017" /><testcase classname="tests.test_crawl_orchestration_isolated.TestAsyncCrawlOrchestration" name="test_async_orchestrate_crawl_success" time="0.003" /><testcase classname="tests.test_crawl_orchestration_isolated.TestAsyncCrawlOrchestration" name="test_async_orchestrate_crawl_with_code_extraction" time="0.003" /><testcase classname="tests.test_crawl_orchestration_isolated.TestAsyncCrawlOrchestration" name="test_crawl_by_url_type_text_file" time="0.002" /><testcase classname="tests.test_crawl_orchestration_isolated.TestAsyncCrawlOrchestration" name="test_crawl_by_url_type_sitemap" time="0.002" /><testcase classname="tests.test_crawl_orchestration_isolated.TestAsyncCrawlOrchestration" name="test_crawl_by_url_type_regular_webpage" time="0.002" /><testcase classname="tests.test_crawl_orchestration_isolated.TestAsyncCrawlOrchestration" name="test_process_and_store_documents" time="0.003" /><testcase classname="tests.test_crawl_orchestration_isolated.TestAsyncCrawlOrchestration" name="test_extract_and_store_code_examples" time="0.002" /><testcase classname="tests.test_crawl_orchestration_isolated.TestAsyncCrawlOrchestration" name="test_cancellation_during_orchestration" time="0.002" /><testcase classname="tests.test_crawl_orchestration_isolated.TestAsyncCrawlOrchestration" name="test_cancellation_during_document_processing" time="0.004" /><testcase classname="tests.test_crawl_orchestration_isolated.TestAsyncCrawlOrchestration" name="test_error_handling_in_orchestration" time="0.002" /><testcase classname="tests.test_crawl_orchestration_isolated.TestAsyncCrawlOrchestration" name="test_documentation_site_detection" time="0.002" /><testcase classname="tests.test_crawl_orchestration_isolated.TestAsyncCrawlOrchestration" name="test_cancellation_functionality" time="0.002" /><testcase classname="tests.test_crawl_orchestration_isolated.TestAsyncCrawlOrchestration" name="test_progress_callback_creation" time="0.003" /><testcase classname="tests.test_crawl_orchestration_isolated.TestAsyncCrawlOrchestration" name="test_main_orchestrate_crawl_entry_point" time="0.002" /><testcase classname="tests.test_crawl_orchestration_isolated.TestAsyncCrawlOrchestration" name="test_concurrent_operations" time="0.002" /><testcase classname="tests.test_crawl_orchestration_isolated.TestAsyncBehaviors" name="test_async_method_chaining" time="0.002" /><testcase classname="tests.test_crawl_orchestration_isolated.TestAsyncBehaviors" name="test_asyncio_cancellation_propagation" time="0.012" /><testcase classname="tests.test_crawl_orchestration_isolated.TestAsyncBehaviors" name="test_no_blocking_operations" time="0.002" /><testcase classname="tests.test_embedding_service_no_zeros.TestNoZeroEmbeddings" name="test_async_quota_exhausted_returns_failure" time="0.006" /><testcase classname="tests.test_embedding_service_no_zeros.TestNoZeroEmbeddings" name="test_async_rate_limit_raises_exception" time="6.025" /><testcase classname="tests.test_embedding_service_no_zeros.TestNoZeroEmbeddings" name="test_async_api_error_raises_exception" time="0.017" /><testcase classname="tests.test_embedding_service_no_zeros.TestNoZeroEmbeddings" name="test_batch_handles_partial_failures" time="0.028" /><testcase classname="tests.test_embedding_service_no_zeros.TestNoZeroEmbeddings" name="test_configurable_embedding_dimensions" time="0.016" /><testcase classname="tests.test_embedding_service_no_zeros.TestNoZeroEmbeddings" name="test_default_embedding_dimensions" time="0.016" /><testcase classname="tests.test_embedding_service_no_zeros.TestNoZeroEmbeddings" name="test_batch_quota_exhausted_stops_process" time="0.008" /><testcase classname="tests.test_embedding_service_no_zeros.TestNoZeroEmbeddings" name="test_no_zero_vectors_in_results" time="0.016" /><testcase classname="tests.test_embedding_service_no_zeros.TestEmbeddingBatchResult" name="test_batch_result_initialization" time="0.001" /><testcase classname="tests.test_embedding_service_no_zeros.TestEmbeddingBatchResult" name="test_batch_result_add_success" time="0.001" /><testcase classname="tests.test_embedding_service_no_zeros.TestEmbeddingBatchResult" name="test_batch_result_add_failure" time="0.001" /><testcase classname="tests.test_embedding_service_no_zeros.TestEmbeddingBatchResult" name="test_batch_result_mixed_results" time="0.001" /><testcase classname="tests.test_keyword_extraction.TestKeywordExtractor" name="test_simple_keyword_extraction" time="0.010" /><testcase classname="tests.test_keyword_extraction.TestKeywordExtractor" name="test_complex_query_extraction" time="0.002" /><testcase classname="tests.test_keyword_extraction.TestKeywordExtractor" name="test_stop_word_filtering" time="0.001" /><testcase classname="tests.test_keyword_extraction.TestKeywordExtractor" name="test_technical_terms_preserved" time="0.001" /><testcase classname="tests.test_keyword_extraction.TestKeywordExtractor" name="test_compound_terms" time="0.002" /><testcase classname="tests.test_keyword_extraction.TestKeywordExtractor" name="test_empty_query" time="0.001" /><testcase classname="tests.test_keyword_extraction.TestKeywordExtractor" name="test_query_with_only_stopwords" time="0.001" /><testcase classname="tests.test_keyword_extraction.TestKeywordExtractor" name="test_keyword_prioritization" time="0.002" /><testcase classname="tests.test_keyword_extraction.TestKeywordExtractor" name="test_max_keywords_limit" time="0.002" /><testcase classname="tests.test_keyword_extraction.TestKeywordExtractor" name="test_min_length_filtering" time="0.001" /><testcase classname="tests.test_keyword_extraction.TestSearchTermBuilder" name="test_plural_variations" time="0.002" /><testcase classname="tests.test_keyword_extraction.TestSearchTermBuilder" name="test_verb_variations" time="0.001" /><testcase classname="tests.test_keyword_extraction.TestSearchTermBuilder" name="test_no_duplicates" time="0.001" /><testcase classname="tests.test_keyword_extraction.TestIntegration" name="test_real_world_query_1" time="0.001" /><testcase classname="tests.test_keyword_extraction.TestIntegration" name="test_real_world_query_2" time="0.001" /><testcase classname="tests.test_keyword_extraction.TestIntegration" name="test_real_world_query_3" time="0.001" /><testcase classname="tests.test_keyword_extraction.TestIntegration" name="test_code_related_query" time="0.002" /><testcase classname="tests.test_port_configuration.TestPortConfiguration" name="test_service_discovery_requires_all_ports" time="0.006" /><testcase classname="tests.test_port_configuration.TestPortConfiguration" name="test_service_discovery_requires_mcp_port" time="0.006" /><testcase classname="tests.test_port_configuration.TestPortConfiguration" name="test_service_discovery_requires_agents_port" time="0.006" /><testcase classname="tests.test_port_configuration.TestPortConfiguration" name="test_service_discovery_with_all_ports" time="0.002" /><testcase classname="tests.test_port_configuration.TestPortConfiguration" name="test_mcp_server_requires_port" time="0.002" /><testcase classname="tests.test_port_configuration.TestPortConfiguration" name="test_main_server_requires_port" time="0.002" /><testcase classname="tests.test_port_configuration.TestPortConfiguration" name="test_agents_server_requires_port" time="0.002" /><testcase classname="tests.test_port_configuration.TestPortConfiguration" name="test_agent_chat_api_requires_agents_port" time="0.002" /><testcase classname="tests.test_port_configuration.TestPortConfiguration" name="test_config_requires_port_or_archon_mcp_port" time="0.006" /><testcase classname="tests.test_port_configuration.TestPortConfiguration" name="test_custom_port_values" time="0.002" /><testcase classname="tests.test_port_configuration.TestPortValidation" name="test_invalid_port_values" time="0.001" /><testcase classname="tests.test_port_configuration.TestPortValidation" name="test_port_out_of_range" time="0.002" /><testcase classname="tests.test_rag_simple.TestRAGServiceCore" name="test_initialization" time="0.006" /><testcase classname="tests.test_rag_simple.TestRAGServiceCore" name="test_settings_methods" time="0.007" /><testcase classname="tests.test_rag_simple.TestRAGServiceSearch" name="test_basic_vector_search" time="0.007" /><testcase classname="tests.test_rag_simple.TestRAGServiceSearch" name="test_search_documents_with_embedding" time="0.008" /><testcase classname="tests.test_rag_simple.TestRAGServiceSearch" name="test_perform_rag_query_basic" time="0.007" /><testcase classname="tests.test_rag_simple.TestRAGServiceSearch" name="test_search_code_examples_delegation" time="0.009" /><testcase classname="tests.test_rag_simple.TestHybridSearchCore" name="test_initialization" time="0.004" /><testcase classname="tests.test_rag_simple.TestHybridSearchCore" name="test_merge_results_functionality" time="0.004" /><testcase classname="tests.test_rag_simple.TestRerankingCore" name="test_initialization" time="5.775" /><testcase classname="tests.test_rag_simple.TestRerankingCore" name="test_availability_check" time="1.737" /><testcase classname="tests.test_rag_simple.TestRerankingCore" name="test_rerank_with_no_model" time="0.678" /><testcase classname="tests.test_rag_simple.TestRerankingCore" name="test_rerank_with_mock_model" time="0.657" /><testcase classname="tests.test_rag_simple.TestAgenticRAGCore" name="test_initialization" time="0.022" /><testcase classname="tests.test_rag_simple.TestAgenticRAGCore" name="test_query_enhancement" time="0.004" /><testcase classname="tests.test_rag_simple.TestRAGIntegrationSimple" name="test_error_handling" time="0.008" /><testcase classname="tests.test_rag_simple.TestRAGIntegrationSimple" name="test_empty_results_handling" time="0.008" /><testcase classname="tests.test_rag_simple.TestRAGIntegrationSimple" name="test_full_rag_pipeline_with_reranking" time="0.695" /><testcase classname="tests.test_rag_simple.TestRAGIntegrationSimple" name="test_hybrid_search_integration" time="0.008" /><testcase classname="tests.test_rag_simple.TestRAGIntegrationSimple" name="test_code_search_with_agentic_rag" time="0.019" /><testcase classname="tests.test_rag_strategies.TestRAGService" name="test_rag_service_initialization" time="0.002" /><testcase classname="tests.test_rag_strategies.TestRAGService" name="test_get_setting" time="0.003" /><testcase classname="tests.test_rag_strategies.TestRAGService" name="test_get_bool_setting" time="0.003" /><testcase classname="tests.test_rag_strategies.TestRAGService" name="test_search_code_examples" time="0.003" /><testcase classname="tests.test_rag_strategies.TestRAGService" name="test_perform_rag_query" time="0.004" /><testcase classname="tests.test_rag_strategies.TestRAGService" name="test_rerank_results" time="0.004" /><testcase classname="tests.test_rag_strategies.TestHybridSearchStrategy" name="test_hybrid_strategy_initialization" time="0.002" /><testcase classname="tests.test_rag_strategies.TestHybridSearchStrategy" name="test_merge_search_results" time="0.002" /><testcase classname="tests.test_rag_strategies.TestRerankingStrategy" name="test_reranking_strategy_initialization" time="0.680" /><testcase classname="tests.test_rag_strategies.TestRerankingStrategy" name="test_model_availability_check" time="0.739" /><testcase classname="tests.test_rag_strategies.TestRerankingStrategy" name="test_rerank_results_no_model" time="0.704" /><testcase classname="tests.test_rag_strategies.TestRerankingStrategy" name="test_rerank_results_with_model" time="0.899" /><testcase classname="tests.test_rag_strategies.TestAgenticRAGStrategy" name="test_agentic_strategy_initialization" time="0.002" /><testcase classname="tests.test_rag_strategies.TestRAGIntegration" name="test_full_rag_pipeline" time="2.035" /><testcase classname="tests.test_rag_strategies.TestRAGIntegration" name="test_error_handling_in_rag_pipeline" time="1.808" /><testcase classname="tests.test_rag_strategies.TestRAGIntegration" name="test_empty_results_handling" time="0.184" /><testcase classname="tests.test_rag_strategies.TestRAGPerformance" name="test_concurrent_rag_queries" time="0.499" /><testcase classname="tests.test_rag_strategies.TestRAGPerformance" name="test_large_result_set_handling" time="0.969" /><testcase classname="tests.test_rag_strategies.TestRAGConfiguration" name="test_environment_variable_settings" time="0.005" /><testcase classname="tests.test_rag_strategies.TestRAGConfiguration" name="test_default_settings" time="0.003" /><testcase classname="tests.test_rag_strategies.TestRAGConfiguration" name="test_strategy_conditional_execution" time="0.181" /><testcase classname="tests.test_service_integration" name="test_project_with_tasks_flow" time="0.035" /><testcase classname="tests.test_service_integration" name="test_crawl_to_knowledge_flow" time="0.013" /><testcase classname="tests.test_service_integration" name="test_document_storage_flow" time="0.012" /><testcase classname="tests.test_service_integration" name="test_code_extraction_flow" time="0.014" /><testcase classname="tests.test_service_integration" name="test_search_and_retrieve_flow" time="0.015" /><testcase classname="tests.test_service_integration" name="test_mcp_tool_execution" time="0.011" /><testcase classname="tests.test_service_integration" name="test_socket_io_events" time="0.013" /><testcase classname="tests.test_service_integration" name="test_background_task_progress" time="0.011" /><testcase classname="tests.test_service_integration" name="test_database_operations" time="0.017" /><testcase classname="tests.test_service_integration" name="test_concurrent_operations" time="0.028" /><testcase classname="tests.test_settings_api" name="test_optional_setting_returns_default" time="0.047" /><testcase classname="tests.test_settings_api" name="test_unknown_credential_returns_404" time="0.017" /><testcase classname="tests.test_settings_api" name="test_existing_credential_returns_normally" time="0.014" /><testcase classname="tests.test_supabase_validation" name="test_validate_anon_key" time="0.007" /><testcase classname="tests.test_supabase_validation" name="test_validate_service_key" time="0.001" /><testcase classname="tests.test_supabase_validation" name="test_validate_unknown_key" time="0.002" /><testcase classname="tests.test_supabase_validation" name="test_validate_invalid_jwt" time="0.001" /><testcase classname="tests.test_supabase_validation" name="test_validate_empty_key" time="0.001" /><testcase classname="tests.test_supabase_validation" name="test_config_raises_on_anon_key" time="0.002" /><testcase classname="tests.test_supabase_validation" name="test_config_accepts_service_key" time="0.002" /><testcase classname="tests.test_supabase_validation" name="test_config_handles_invalid_jwt" time="0.003" /><testcase classname="tests.test_supabase_validation" name="test_config_fails_on_unknown_role" time="0.003" /><testcase classname="tests.test_supabase_validation" name="test_config_raises_on_anon_key_with_port" time="0.003" /><testcase classname="tests.test_supabase_validation" name="test_jwt_decoding_with_real_structure" time="0.003" /><testcase classname="tests.test_url_handler.TestURLHandler" name="test_is_binary_file_archives" time="0.003" /><testcase classname="tests.test_url_handler.TestURLHandler" name="test_is_binary_file_executables" time="0.002" /><testcase classname="tests.test_url_handler.TestURLHandler" name="test_is_binary_file_documents" time="0.001" /><testcase classname="tests.test_url_handler.TestURLHandler" name="test_is_binary_file_media" time="0.001" /><testcase classname="tests.test_url_handler.TestURLHandler" name="test_is_binary_file_case_insensitive" time="0.002" /><testcase classname="tests.test_url_handler.TestURLHandler" name="test_is_binary_file_with_query_params" time="0.001" /><testcase classname="tests.test_url_handler.TestURLHandler" name="test_is_binary_file_html_pages" time="0.001" /><testcase classname="tests.test_url_handler.TestURLHandler" name="test_is_binary_file_edge_cases" time="0.001" /><testcase classname="tests.test_url_handler.TestURLHandler" name="test_is_sitemap" time="0.001" /><testcase classname="tests.test_url_handler.TestURLHandler" name="test_is_txt" time="0.001" /><testcase classname="tests.test_url_handler.TestURLHandler" name="test_transform_github_url" time="0.009" /><testcase classname="tests.test_zai_integration" name="test_zai_integration_initialization_simulated" time="0.002" /><testcase classname="tests.test_zai_integration" name="test_zai_integration_initialization_sdk_error" time="0.002"><skipped type="pytest.skip" message="Skipping SDK error test: ZAI SDK not installed.">/app/python/tests/test_zai_integration.py:32: Skipping SDK error test: ZAI SDK not installed.</skipped></testcase><testcase classname="tests.test_zai_integration" name="test_analyze_telemetry_fallback_mode" time="0.002" /><testcase classname="tests.test_zai_integration" name="test_generate_mission_plan_fallback_mode" time="0.005" /><testcase classname="tests.test_zai_integration" name="test_analyze_telemetry_endpoint" time="0.015" /><testcase classname="tests.test_zai_integration" name="test_generate_mission_plan_endpoint" time="0.015" /></testsuite></testsuites>